[INFO] 2025-02-12 09:50:10,577 - member_system_logger - INFO - 数据库 mytest 已存在
[INFO] 2025-02-12 09:50:10,579 - member_system_logger - INFO - 用户 mytest 已存在
[INFO] 2025-02-12 09:50:24,711 - member_system_logger - INFO - 数据库 mytest 已存在
[INFO] 2025-02-12 09:50:24,713 - member_system_logger - INFO - 用户 mytest 已存在
[INFO] 2025-02-12 09:51:17,216 - member_system_logger - INFO - 数据库 mytest 已存在
[INFO] 2025-02-12 09:51:17,218 - member_system_logger - INFO - 用户 mytest 已存在
[INFO] 2025-02-12 11:42:18,905 - member_system_logger - INFO - 数据库 mytest 已存在
[INFO] 2025-02-12 11:42:18,907 - member_system_logger - INFO - 用户 mytest 已存在
[INFO] 2025-02-12 11:42:36,288 - member_system_logger - INFO - 数据库 mytest 已存在
[INFO] 2025-02-12 11:42:36,289 - member_system_logger - INFO - 用户 mytest 已存在
[INFO] 2025-02-12 12:28:52,313 - member_system_logger - INFO - 数据库 mytest 已存在
[INFO] 2025-02-12 12:28:52,314 - member_system_logger - INFO - 用户 mytest 已存在
[INFO] 2025-02-12 12:33:19,734 - member_system_logger - INFO - 数据库 mytest 已存在
[INFO] 2025-02-12 12:33:19,736 - member_system_logger - INFO - 用户 mytest 已存在
[INFO] 2025-02-12 12:33:36,541 - member_system_logger - INFO - 数据库 mytest 已存在
[INFO] 2025-02-12 12:33:36,542 - member_system_logger - INFO - 用户 mytest 已存在
[INFO] 2025-02-12 12:33:52,601 - member_system_logger - INFO - 数据库 mytest 已存在
[INFO] 2025-02-12 12:33:52,603 - member_system_logger - INFO - 用户 mytest 已存在
[INFO] 2025-02-12 12:35:15,713 - member_system_logger - INFO - 数据库 mytest 已存在
[INFO] 2025-02-12 12:35:15,715 - member_system_logger - INFO - 用户 mytest 已存在
[INFO] 2025-02-12 12:36:26,655 - member_system_logger - INFO - 数据库 mytest 已存在
[INFO] 2025-02-12 12:36:26,656 - member_system_logger - INFO - 用户 mytest 已存在
[INFO] 2025-02-12 12:36:49,380 - member_system_logger - INFO - 数据库 mytest 已存在
[INFO] 2025-02-12 12:36:49,382 - member_system_logger - INFO - 用户 mytest 已存在
[INFO] 2025-02-12 12:37:13,020 - member_system_logger - INFO - 数据库 mytest 已存在
[INFO] 2025-02-12 12:37:13,022 - member_system_logger - INFO - 用户 mytest 已存在
[INFO] 2025-02-12 12:39:26,912 - member_system_logger - INFO - 数据库 mytest 已存在
[INFO] 2025-02-12 12:39:26,914 - member_system_logger - INFO - 用户 mytest 已存在
[INFO] 2025-02-12 12:39:49,221 - member_system_logger - INFO - 数据库 mytest 已存在
[INFO] 2025-02-12 12:39:49,222 - member_system_logger - INFO - 用户 mytest 已存在
[INFO] 2025-02-12 12:41:42,024 - member_system_logger - INFO - 数据库 mytest 已存在
[INFO] 2025-02-12 12:41:42,026 - member_system_logger - INFO - 用户 mytest 已存在
[INFO] 2025-02-12 12:44:36,315 - member_system_logger - INFO - 数据库 mytest 已存在
[INFO] 2025-02-12 12:44:36,316 - member_system_logger - INFO - 用户 mytest 已存在
[INFO] 2025-02-12 12:44:51,653 - member_system_logger - INFO - 数据库 mytest 已存在
[INFO] 2025-02-12 12:44:51,654 - member_system_logger - INFO - 用户 mytest 已存在
[INFO] 2025-02-12 13:10:48,823 - member_system_logger - INFO - 数据库 mytest 已存在
[INFO] 2025-02-12 13:10:48,824 - member_system_logger - INFO - 用户 mytest 已存在
[INFO] 2025-02-12 13:12:27,950 - member_system_logger - INFO - 数据库 mytest 已存在
[INFO] 2025-02-12 13:12:27,952 - member_system_logger - INFO - 用户 mytest 已存在
[INFO] 2025-02-12 13:13:09,106 - member_system_logger - INFO - 数据库 mytest 已存在
[INFO] 2025-02-12 13:13:09,108 - member_system_logger - INFO - 用户 mytest 已存在
[INFO] 2025-02-12 13:23:39,330 - member_system_logger - INFO - 数据库 mytest 已存在
[INFO] 2025-02-12 13:23:39,331 - member_system_logger - INFO - 用户 mytest 已存在
[INFO] 2025-02-12 13:26:00,866 - member_system_logger - INFO - 数据库 mytest 已存在
[INFO] 2025-02-12 13:26:00,868 - member_system_logger - INFO - 用户 mytest 已存在
[INFO] 2025-02-12 13:26:59,141 - member_system_logger - INFO - 数据库 mytest 已存在
[INFO] 2025-02-12 13:26:59,144 - member_system_logger - INFO - 用户 mytest 已存在
[INFO] 2025-02-12 13:29:05,605 - member_system_logger - INFO - 数据库 mytest 已存在
[INFO] 2025-02-12 13:29:05,607 - member_system_logger - INFO - 用户 mytest 已存在
[INFO] 2025-02-12 13:31:11,743 - member_system_logger - INFO - 数据库 mytest 已存在
[INFO] 2025-02-12 13:31:11,745 - member_system_logger - INFO - 用户 mytest 已存在
[INFO] 2025-02-12 13:32:50,749 - member_system_logger - INFO - 数据库 mytest 已存在
[INFO] 2025-02-12 13:32:50,751 - member_system_logger - INFO - 用户 mytest 已存在
[INFO] 2025-02-12 13:39:55,202 - member_system_logger - INFO - 数据库 mytest 已存在
[INFO] 2025-02-12 13:39:55,204 - member_system_logger - INFO - 用户 mytest 已存在
[INFO] 2025-02-12 13:42:27,532 - member_system_logger - INFO - 数据库 mytest 已存在
[INFO] 2025-02-12 13:42:27,534 - member_system_logger - INFO - 用户 mytest 已存在
[INFO] 2025-02-12 13:43:08,617 - member_system_logger - INFO - 数据库 mytest 已存在
[INFO] 2025-02-12 13:43:08,620 - member_system_logger - INFO - 用户 mytest 已存在
[INFO] 2025-02-12 13:47:26,996 - member_system_logger - INFO - 数据库 mytest 已存在
[INFO] 2025-02-12 13:47:26,999 - member_system_logger - INFO - 用户 mytest 已存在
[INFO] 2025-02-12 14:03:46,096 - member_system_logger - INFO - 数据库 mytest 已存在
[INFO] 2025-02-12 14:03:46,098 - member_system_logger - INFO - 用户 mytest 已存在
[INFO] 2025-02-12 14:04:14,406 - member_system_logger - INFO - 数据库 mytest 已存在
[INFO] 2025-02-12 14:04:14,408 - member_system_logger - INFO - 用户 mytest 已存在
[INFO] 2025-02-12 14:05:08,345 - member_system_logger - INFO - 数据库 mytest 已存在
[INFO] 2025-02-12 14:05:08,347 - member_system_logger - INFO - 用户 mytest 已存在
[INFO] 2025-02-12 14:05:32,052 - member_system_logger - INFO - 数据库 mytest 已存在
[INFO] 2025-02-12 14:05:32,054 - member_system_logger - INFO - 用户 mytest 已存在
[INFO] 2025-02-12 14:08:00,833 - member_system_logger - INFO - 数据库 mytest 已存在
[INFO] 2025-02-12 14:08:00,835 - member_system_logger - INFO - 用户 mytest 已存在
[INFO] 2025-02-12 14:08:10,818 - member_system_logger - INFO - 数据库 mytest 已存在
[INFO] 2025-02-12 14:08:10,820 - member_system_logger - INFO - 用户 mytest 已存在
[INFO] 2025-02-12 14:08:49,229 - member_system_logger - INFO - 数据库 mytest 已存在
[INFO] 2025-02-12 14:08:49,231 - member_system_logger - INFO - 用户 mytest 已存在
[INFO] 2025-02-12 14:16:29,056 - member_system_logger - INFO - 数据库 mytest 已存在
[INFO] 2025-02-12 14:16:29,058 - member_system_logger - INFO - 用户 mytest 已存在
[INFO] 2025-02-12 14:17:21,231 - member_system_logger - INFO - 数据库 mytest 已存在
[INFO] 2025-02-12 14:17:21,233 - member_system_logger - INFO - 用户 mytest 已存在
[INFO] 2025-02-12 14:18:24,136 - member_system_logger - INFO - 数据库 mytest 已存在
[INFO] 2025-02-12 14:18:24,138 - member_system_logger - INFO - 用户 mytest 已存在
[INFO] 2025-02-12 14:19:16,619 - member_system_logger - INFO - 数据库 mytest 已存在
[INFO] 2025-02-12 14:19:16,622 - member_system_logger - INFO - 用户 mytest 已存在
[INFO] 2025-02-12 14:23:35,826 - member_system_logger - INFO - 数据库 mytest 已存在
[INFO] 2025-02-12 14:23:35,828 - member_system_logger - INFO - 用户 mytest 已存在
[INFO] 2025-02-12 14:28:36,549 - member_system_logger - INFO - 数据库 mytest 已存在
[INFO] 2025-02-12 14:28:36,551 - member_system_logger - INFO - 用户 mytest 已存在
[INFO] 2025-02-12 14:29:14,106 - member_system_logger - INFO - 数据库 mytest 已存在
[INFO] 2025-02-12 14:29:14,108 - member_system_logger - INFO - 用户 mytest 已存在
[INFO] 2025-02-12 14:30:08,918 - member_system_logger - INFO - 数据库 mytest 已存在
[INFO] 2025-02-12 14:30:08,920 - member_system_logger - INFO - 用户 mytest 已存在
[INFO] 2025-02-12 14:30:14,345 - member_system_logger - INFO - 数据库 mytest 已存在
[INFO] 2025-02-12 14:30:14,347 - member_system_logger - INFO - 用户 mytest 已存在
[INFO] 2025-02-12 14:30:52,429 - member_system_logger - INFO - 数据库 mytest 已存在
[INFO] 2025-02-12 14:30:52,431 - member_system_logger - INFO - 用户 mytest 已存在
[INFO] 2025-02-12 14:32:18,401 - member_system_logger - INFO - 数据库 mytest 已存在
[INFO] 2025-02-12 14:32:18,403 - member_system_logger - INFO - 用户 mytest 已存在
[INFO] 2025-02-12 14:38:20,994 - member_system_logger - INFO - 数据库 mytest 已存在
[INFO] 2025-02-12 14:38:20,997 - member_system_logger - INFO - 用户 mytest 已存在
[INFO] 2025-02-12 14:39:28,802 - member_system_logger - INFO - 数据库 mytest 已存在
[INFO] 2025-02-12 14:39:28,804 - member_system_logger - INFO - 用户 mytest 已存在
[INFO] 2025-02-12 14:39:50,054 - member_system_logger - INFO - 数据库 mytest 已存在
[INFO] 2025-02-12 14:39:50,056 - member_system_logger - INFO - 用户 mytest 已存在
[INFO] 2025-02-12 14:41:02,908 - member_system_logger - INFO - 数据库 mytest 已存在
[INFO] 2025-02-12 14:41:02,909 - member_system_logger - INFO - 用户 mytest 已存在
[INFO] 2025-02-12 14:41:59,120 - member_system_logger - INFO - 数据库 mytest 已存在
[INFO] 2025-02-12 14:41:59,122 - member_system_logger - INFO - 用户 mytest 已存在
[INFO] 2025-02-12 14:45:34,767 - member_system_logger - INFO - 数据库 mytest 已存在
[INFO] 2025-02-12 14:45:34,769 - member_system_logger - INFO - 用户 mytest 已存在
[INFO] 2025-02-12 14:46:36,495 - member_system_logger - INFO - 数据库 mytest 已存在
[INFO] 2025-02-12 14:46:36,498 - member_system_logger - INFO - 用户 mytest 已存在
[INFO] 2025-02-12 14:50:15,808 - member_system_logger - INFO - 数据库 mytest 已存在
[INFO] 2025-02-12 14:50:15,810 - member_system_logger - INFO - 用户 mytest 已存在
[INFO] 2025-02-12 14:52:35,309 - member_system_logger - INFO - 数据库 mytest 已存在
[INFO] 2025-02-12 14:52:35,312 - member_system_logger - INFO - 用户 mytest 已存在
[INFO] 2025-02-12 14:52:56,281 - member_system_logger - INFO - 数据库 mytest 已存在
[INFO] 2025-02-12 14:52:56,283 - member_system_logger - INFO - 用户 mytest 已存在
[INFO] 2025-02-12 14:58:20,694 - member_system_logger - INFO - 数据库 mytest 已存在
[INFO] 2025-02-12 14:58:20,697 - member_system_logger - INFO - 用户 mytest 已存在
[INFO] 2025-02-12 15:00:02,755 - member_system_logger - INFO - 数据库 mytest 已存在
[INFO] 2025-02-12 15:00:02,757 - member_system_logger - INFO - 用户 mytest 已存在
[INFO] 2025-02-12 15:01:03,089 - member_system_logger - INFO - 数据库 mytest 已存在
[INFO] 2025-02-12 15:01:03,091 - member_system_logger - INFO - 用户 mytest 已存在
[INFO] 2025-02-12 15:02:35,904 - member_system_logger - INFO - 数据库 mytest 已存在
[INFO] 2025-02-12 15:02:35,906 - member_system_logger - INFO - 用户 mytest 已存在
[INFO] 2025-02-12 15:02:42,453 - member_system_logger - ERROR - 查询出错: 
        SELECT * FROM chats
        WHERE rule_group_id = %s
        ORDER BY created_at DESC
        , (1054, "Unknown column 'rule_group_id' in 'where clause'")
Traceback (most recent call last):
  File "/root/kimi-dev/telegram-moderation-bot/src/core/database/db/base_database.py", line 97, in fetch_all
    await cursor.execute(sql, params)
  File "/root/kimi-dev/telegram-moderation-bot/venv/lib/python3.10/site-packages/aiomysql/cursors.py", line 239, in execute
    await self._query(query)
  File "/root/kimi-dev/telegram-moderation-bot/venv/lib/python3.10/site-packages/aiomysql/cursors.py", line 457, in _query
    await conn.query(q)
  File "/root/kimi-dev/telegram-moderation-bot/venv/lib/python3.10/site-packages/aiomysql/connection.py", line 469, in query
    await self._read_query_result(unbuffered=unbuffered)
  File "/root/kimi-dev/telegram-moderation-bot/venv/lib/python3.10/site-packages/aiomysql/connection.py", line 683, in _read_query_result
    await result.read()
  File "/root/kimi-dev/telegram-moderation-bot/venv/lib/python3.10/site-packages/aiomysql/connection.py", line 1164, in read
    first_packet = await self.connection._read_packet()
  File "/root/kimi-dev/telegram-moderation-bot/venv/lib/python3.10/site-packages/aiomysql/connection.py", line 652, in _read_packet
    packet.raise_for_error()
  File "/root/kimi-dev/telegram-moderation-bot/venv/lib/python3.10/site-packages/pymysql/protocol.py", line 219, in raise_for_error
    err.raise_mysql_exception(self._data)
  File "/root/kimi-dev/telegram-moderation-bot/venv/lib/python3.10/site-packages/pymysql/err.py", line 150, in raise_mysql_exception
    raise errorclass(errno, errval)
pymysql.err.OperationalError: (1054, "Unknown column 'rule_group_id' in 'where clause'")
[INFO] 2025-02-12 15:02:49,230 - member_system_logger - ERROR - 查询出错: 
        SELECT * FROM chats
        WHERE rule_group_id = %s
        ORDER BY created_at DESC
        , (1054, "Unknown column 'rule_group_id' in 'where clause'")
Traceback (most recent call last):
  File "/root/kimi-dev/telegram-moderation-bot/src/core/database/db/base_database.py", line 97, in fetch_all
    await cursor.execute(sql, params)
  File "/root/kimi-dev/telegram-moderation-bot/venv/lib/python3.10/site-packages/aiomysql/cursors.py", line 239, in execute
    await self._query(query)
  File "/root/kimi-dev/telegram-moderation-bot/venv/lib/python3.10/site-packages/aiomysql/cursors.py", line 457, in _query
    await conn.query(q)
  File "/root/kimi-dev/telegram-moderation-bot/venv/lib/python3.10/site-packages/aiomysql/connection.py", line 469, in query
    await self._read_query_result(unbuffered=unbuffered)
  File "/root/kimi-dev/telegram-moderation-bot/venv/lib/python3.10/site-packages/aiomysql/connection.py", line 683, in _read_query_result
    await result.read()
  File "/root/kimi-dev/telegram-moderation-bot/venv/lib/python3.10/site-packages/aiomysql/connection.py", line 1164, in read
    first_packet = await self.connection._read_packet()
  File "/root/kimi-dev/telegram-moderation-bot/venv/lib/python3.10/site-packages/aiomysql/connection.py", line 652, in _read_packet
    packet.raise_for_error()
  File "/root/kimi-dev/telegram-moderation-bot/venv/lib/python3.10/site-packages/pymysql/protocol.py", line 219, in raise_for_error
    err.raise_mysql_exception(self._data)
  File "/root/kimi-dev/telegram-moderation-bot/venv/lib/python3.10/site-packages/pymysql/err.py", line 150, in raise_mysql_exception
    raise errorclass(errno, errval)
pymysql.err.OperationalError: (1054, "Unknown column 'rule_group_id' in 'where clause'")
[INFO] 2025-02-12 15:02:55,955 - member_system_logger - ERROR - 查询出错: 
        SELECT * FROM chats
        WHERE rule_group_id = %s
        ORDER BY created_at DESC
        , (1054, "Unknown column 'rule_group_id' in 'where clause'")
Traceback (most recent call last):
  File "/root/kimi-dev/telegram-moderation-bot/src/core/database/db/base_database.py", line 97, in fetch_all
    await cursor.execute(sql, params)
  File "/root/kimi-dev/telegram-moderation-bot/venv/lib/python3.10/site-packages/aiomysql/cursors.py", line 239, in execute
    await self._query(query)
  File "/root/kimi-dev/telegram-moderation-bot/venv/lib/python3.10/site-packages/aiomysql/cursors.py", line 457, in _query
    await conn.query(q)
  File "/root/kimi-dev/telegram-moderation-bot/venv/lib/python3.10/site-packages/aiomysql/connection.py", line 469, in query
    await self._read_query_result(unbuffered=unbuffered)
  File "/root/kimi-dev/telegram-moderation-bot/venv/lib/python3.10/site-packages/aiomysql/connection.py", line 683, in _read_query_result
    await result.read()
  File "/root/kimi-dev/telegram-moderation-bot/venv/lib/python3.10/site-packages/aiomysql/connection.py", line 1164, in read
    first_packet = await self.connection._read_packet()
  File "/root/kimi-dev/telegram-moderation-bot/venv/lib/python3.10/site-packages/aiomysql/connection.py", line 652, in _read_packet
    packet.raise_for_error()
  File "/root/kimi-dev/telegram-moderation-bot/venv/lib/python3.10/site-packages/pymysql/protocol.py", line 219, in raise_for_error
    err.raise_mysql_exception(self._data)
  File "/root/kimi-dev/telegram-moderation-bot/venv/lib/python3.10/site-packages/pymysql/err.py", line 150, in raise_mysql_exception
    raise errorclass(errno, errval)
pymysql.err.OperationalError: (1054, "Unknown column 'rule_group_id' in 'where clause'")
[INFO] 2025-02-12 15:10:14,436 - member_system_logger - INFO - 数据库 mytest 已存在
[INFO] 2025-02-12 15:10:14,438 - member_system_logger - INFO - 用户 mytest 已存在
[INFO] 2025-02-12 15:10:26,969 - member_system_logger - INFO - 数据库 mytest 已存在
[INFO] 2025-02-12 15:10:26,971 - member_system_logger - INFO - 用户 mytest 已存在
[INFO] 2025-02-12 15:13:20,185 - member_system_logger - ERROR - 查询出错: 
        SELECT * FROM chats
        WHERE rule_group_id = %s
        ORDER BY created_at DESC
        , (1054, "Unknown column 'rule_group_id' in 'where clause'")
Traceback (most recent call last):
  File "/root/kimi-dev/telegram-moderation-bot/src/core/database/db/base_database.py", line 97, in fetch_all
    await cursor.execute(sql, params)
  File "/root/kimi-dev/telegram-moderation-bot/venv/lib/python3.10/site-packages/aiomysql/cursors.py", line 239, in execute
    await self._query(query)
  File "/root/kimi-dev/telegram-moderation-bot/venv/lib/python3.10/site-packages/aiomysql/cursors.py", line 457, in _query
    await conn.query(q)
  File "/root/kimi-dev/telegram-moderation-bot/venv/lib/python3.10/site-packages/aiomysql/connection.py", line 469, in query
    await self._read_query_result(unbuffered=unbuffered)
  File "/root/kimi-dev/telegram-moderation-bot/venv/lib/python3.10/site-packages/aiomysql/connection.py", line 683, in _read_query_result
    await result.read()
  File "/root/kimi-dev/telegram-moderation-bot/venv/lib/python3.10/site-packages/aiomysql/connection.py", line 1164, in read
    first_packet = await self.connection._read_packet()
  File "/root/kimi-dev/telegram-moderation-bot/venv/lib/python3.10/site-packages/aiomysql/connection.py", line 652, in _read_packet
    packet.raise_for_error()
  File "/root/kimi-dev/telegram-moderation-bot/venv/lib/python3.10/site-packages/pymysql/protocol.py", line 219, in raise_for_error
    err.raise_mysql_exception(self._data)
  File "/root/kimi-dev/telegram-moderation-bot/venv/lib/python3.10/site-packages/pymysql/err.py", line 150, in raise_mysql_exception
    raise errorclass(errno, errval)
pymysql.err.OperationalError: (1054, "Unknown column 'rule_group_id' in 'where clause'")
[INFO] 2025-02-12 15:14:00,271 - member_system_logger - ERROR - 查询出错: 
        SELECT * FROM chats
        WHERE rule_group_id = %s
        ORDER BY created_at DESC
        , (1054, "Unknown column 'rule_group_id' in 'where clause'")
Traceback (most recent call last):
  File "/root/kimi-dev/telegram-moderation-bot/src/core/database/db/base_database.py", line 97, in fetch_all
    await cursor.execute(sql, params)
  File "/root/kimi-dev/telegram-moderation-bot/venv/lib/python3.10/site-packages/aiomysql/cursors.py", line 239, in execute
    await self._query(query)
  File "/root/kimi-dev/telegram-moderation-bot/venv/lib/python3.10/site-packages/aiomysql/cursors.py", line 457, in _query
    await conn.query(q)
  File "/root/kimi-dev/telegram-moderation-bot/venv/lib/python3.10/site-packages/aiomysql/connection.py", line 469, in query
    await self._read_query_result(unbuffered=unbuffered)
  File "/root/kimi-dev/telegram-moderation-bot/venv/lib/python3.10/site-packages/aiomysql/connection.py", line 683, in _read_query_result
    await result.read()
  File "/root/kimi-dev/telegram-moderation-bot/venv/lib/python3.10/site-packages/aiomysql/connection.py", line 1164, in read
    first_packet = await self.connection._read_packet()
  File "/root/kimi-dev/telegram-moderation-bot/venv/lib/python3.10/site-packages/aiomysql/connection.py", line 652, in _read_packet
    packet.raise_for_error()
  File "/root/kimi-dev/telegram-moderation-bot/venv/lib/python3.10/site-packages/pymysql/protocol.py", line 219, in raise_for_error
    err.raise_mysql_exception(self._data)
  File "/root/kimi-dev/telegram-moderation-bot/venv/lib/python3.10/site-packages/pymysql/err.py", line 150, in raise_mysql_exception
    raise errorclass(errno, errval)
pymysql.err.OperationalError: (1054, "Unknown column 'rule_group_id' in 'where clause'")
[INFO] 2025-02-12 15:15:45,357 - member_system_logger - INFO - 数据库 mytest 已创建
[INFO] 2025-02-12 15:15:45,359 - member_system_logger - INFO - 用户 mytest 已存在
[INFO] 2025-02-12 15:17:22,573 - member_system_logger - INFO - 数据库 mytest 已存在
[INFO] 2025-02-12 15:17:22,575 - member_system_logger - INFO - 用户 mytest 已存在
[INFO] 2025-02-12 15:26:25,167 - member_system_logger - INFO - 数据库 mytest 已存在
[INFO] 2025-02-12 15:26:25,170 - member_system_logger - INFO - 用户 mytest 已存在
[INFO] 2025-02-12 15:27:29,766 - member_system_logger - INFO - 数据库 mytest 已存在
[INFO] 2025-02-12 15:27:29,768 - member_system_logger - INFO - 用户 mytest 已存在
[INFO] 2025-02-12 15:28:54,520 - member_system_logger - INFO - 数据库 mytest 已存在
[INFO] 2025-02-12 15:28:54,522 - member_system_logger - INFO - 用户 mytest 已存在
[INFO] 2025-02-12 15:32:41,830 - member_system_logger - INFO - 数据库 mytest 已存在
[INFO] 2025-02-12 15:32:41,832 - member_system_logger - INFO - 用户 mytest 已存在
[INFO] 2025-02-12 15:40:44,101 - member_system_logger - INFO - 数据库 mytest 已存在
[INFO] 2025-02-12 15:40:44,103 - member_system_logger - INFO - 用户 mytest 已存在
[INFO] 2025-02-12 15:43:41,558 - member_system_logger - INFO - 数据库 mytest 已存在
[INFO] 2025-02-12 15:43:41,560 - member_system_logger - INFO - 用户 mytest 已存在
[INFO] 2025-02-12 15:46:33,685 - member_system_logger - INFO - 数据库 mytest 已存在
[INFO] 2025-02-12 15:46:33,687 - member_system_logger - INFO - 用户 mytest 已存在
[INFO] 2025-02-12 15:47:27,756 - member_system_logger - INFO - 数据库 mytest 已存在
[INFO] 2025-02-12 15:47:27,758 - member_system_logger - INFO - 用户 mytest 已存在
[INFO] 2025-02-12 15:53:16,120 - member_system_logger - INFO - 数据库 mytest 已存在
[INFO] 2025-02-12 15:53:16,122 - member_system_logger - INFO - 用户 mytest 已存在
[INFO] 2025-02-12 15:56:15,827 - member_system_logger - INFO - 数据库 mytest 已存在
[INFO] 2025-02-12 15:56:15,830 - member_system_logger - INFO - 用户 mytest 已存在
[INFO] 2025-02-12 16:34:12,011 - member_system_logger - INFO - 数据库 mytest 已存在
[INFO] 2025-02-12 16:34:12,014 - member_system_logger - INFO - 用户 mytest 已存在
[INFO] 2025-02-12 16:34:36,191 - member_system_logger - INFO - 数据库 mytest 已存在
[INFO] 2025-02-12 16:34:36,193 - member_system_logger - INFO - 用户 mytest 已存在
[INFO] 2025-02-12 16:34:47,476 - member_system_logger - INFO - 数据库 mytest 已存在
[INFO] 2025-02-12 16:34:47,477 - member_system_logger - INFO - 用户 mytest 已存在
[INFO] 2025-02-12 16:35:23,895 - member_system_logger - INFO - 数据库 mytest 已存在
[INFO] 2025-02-12 16:35:23,896 - member_system_logger - INFO - 用户 mytest 已存在
[INFO] 2025-02-12 16:38:21,653 - member_system_logger - INFO - 数据库 mytest 已存在
[INFO] 2025-02-12 16:38:21,654 - member_system_logger - INFO - 用户 mytest 已存在
[INFO] 2025-02-12 16:38:46,163 - member_system_logger - INFO - 数据库 mytest 已存在
[INFO] 2025-02-12 16:38:46,165 - member_system_logger - INFO - 用户 mytest 已存在
[INFO] 2025-02-12 16:40:48,263 - member_system_logger - INFO - 数据库 mytest 已存在
[INFO] 2025-02-12 16:40:48,265 - member_system_logger - INFO - 用户 mytest 已存在
[INFO] 2025-02-12 16:42:49,348 - member_system_logger - INFO - 数据库 mytest 已存在
[INFO] 2025-02-12 16:42:49,350 - member_system_logger - INFO - 用户 mytest 已存在
[INFO] 2025-02-12 16:48:27,917 - member_system_logger - INFO - 数据库 mytest 已存在
[INFO] 2025-02-12 16:48:27,918 - member_system_logger - INFO - 用户 mytest 已存在
[INFO] 2025-02-12 16:48:37,530 - member_system_logger - INFO - 数据库 mytest 已存在
[INFO] 2025-02-12 16:48:37,532 - member_system_logger - INFO - 用户 mytest 已存在
[INFO] 2025-02-12 16:49:47,945 - member_system_logger - INFO - 数据库 mytest 已存在
[INFO] 2025-02-12 16:49:47,947 - member_system_logger - INFO - 用户 mytest 已存在
[INFO] 2025-02-12 16:52:07,500 - member_system_logger - INFO - 数据库 mytest 已存在
[INFO] 2025-02-12 16:52:07,503 - member_system_logger - INFO - 用户 mytest 已存在
[INFO] 2025-02-12 17:08:31,492 - member_system_logger - INFO - 数据库 mytest 已存在
[INFO] 2025-02-12 17:08:31,494 - member_system_logger - INFO - 用户 mytest 已存在
[INFO] 2025-02-12 17:09:10,285 - member_system_logger - INFO - 数据库 mytest 已存在
[INFO] 2025-02-12 17:09:10,286 - member_system_logger - INFO - 用户 mytest 已存在
[INFO] 2025-02-12 17:09:28,069 - member_system_logger - INFO - 数据库 mytest 已存在
[INFO] 2025-02-12 17:09:28,071 - member_system_logger - INFO - 用户 mytest 已存在
[INFO] 2025-02-12 17:14:26,034 - member_system_logger - INFO - 数据库 mytest 已存在
[INFO] 2025-02-12 17:14:26,035 - member_system_logger - INFO - 用户 mytest 已存在
[INFO] 2025-02-12 17:32:28,782 - member_system_logger - INFO - 数据库 mytest 已存在
[INFO] 2025-02-12 17:32:28,784 - member_system_logger - INFO - 用户 mytest 已存在
[INFO] 2025-02-12 17:35:51,042 - member_system_logger - INFO - 数据库 mytest 已存在
[INFO] 2025-02-12 17:35:51,044 - member_system_logger - INFO - 用户 mytest 已存在
[INFO] 2025-02-12 17:46:33,864 - member_system_logger - INFO - 数据库 mytest 已存在
[INFO] 2025-02-12 17:46:33,865 - member_system_logger - INFO - 用户 mytest 已存在
[INFO] 2025-02-12 17:57:47,380 - member_system_logger - INFO - 数据库 mytest 已存在
[INFO] 2025-02-12 17:57:47,382 - member_system_logger - INFO - 用户 mytest 已存在
[INFO] 2025-02-12 17:58:49,111 - member_system_logger - INFO - 数据库 mytest 已存在
[INFO] 2025-02-12 17:58:49,112 - member_system_logger - INFO - 用户 mytest 已存在
[INFO] 2025-02-12 18:00:19,845 - member_system_logger - INFO - 数据库 mytest 已存在
[INFO] 2025-02-12 18:00:19,846 - member_system_logger - INFO - 用户 mytest 已存在
[INFO] 2025-02-12 18:01:29,815 - member_system_logger - INFO - 数据库 mytest 已存在
[INFO] 2025-02-12 18:01:29,817 - member_system_logger - INFO - 用户 mytest 已存在
[INFO] 2025-02-12 18:04:31,230 - member_system_logger - INFO - 数据库 mytest 已存在
[INFO] 2025-02-12 18:04:31,232 - member_system_logger - INFO - 用户 mytest 已存在
[INFO] 2025-02-12 18:05:04,994 - member_system_logger - INFO - 数据库 mytest 已存在
[INFO] 2025-02-12 18:05:04,995 - member_system_logger - INFO - 用户 mytest 已存在
[INFO] 2025-02-12 18:05:31,558 - member_system_logger - INFO - 数据库 mytest 已存在
[INFO] 2025-02-12 18:05:31,560 - member_system_logger - INFO - 用户 mytest 已存在
[INFO] 2025-02-13 04:35:10,246 - member_system_logger - INFO - 数据库 mytest 已存在
[INFO] 2025-02-13 04:35:10,250 - member_system_logger - INFO - 用户 mytest 已存在
[INFO] 2025-02-13 04:38:31,295 - member_system_logger - INFO - 数据库 mytest 已存在
[INFO] 2025-02-13 04:38:31,298 - member_system_logger - INFO - 用户 mytest 已存在
[INFO] 2025-02-13 04:45:47,426 - member_system_logger - INFO - 数据库 mytest 已存在
[INFO] 2025-02-13 04:45:47,429 - member_system_logger - INFO - 用户 mytest 已存在
[INFO] 2025-02-13 04:47:37,125 - member_system_logger - INFO - 数据库 mytest 已存在
[INFO] 2025-02-13 04:47:37,128 - member_system_logger - INFO - 用户 mytest 已存在
[INFO] 2025-02-13 04:53:30,895 - member_system_logger - INFO - 数据库 mytest 已存在
[INFO] 2025-02-13 04:53:30,898 - member_system_logger - INFO - 用户 mytest 已存在
[INFO] 2025-02-13 04:53:47,181 - member_system_logger - INFO - 数据库 mytest 已存在
[INFO] 2025-02-13 04:53:47,183 - member_system_logger - INFO - 用户 mytest 已存在
[INFO] 2025-02-13 04:54:31,029 - member_system_logger - INFO - 数据库 mytest 已存在
[INFO] 2025-02-13 04:54:31,031 - member_system_logger - INFO - 用户 mytest 已存在
[INFO] 2025-02-13 04:58:09,185 - member_system_logger - INFO - 数据库 mytest 已存在
[INFO] 2025-02-13 04:58:09,188 - member_system_logger - INFO - 用户 mytest 已存在
[INFO] 2025-02-13 04:59:30,925 - member_system_logger - INFO - 数据库 mytest 已存在
[INFO] 2025-02-13 04:59:30,927 - member_system_logger - INFO - 用户 mytest 已存在
[INFO] 2025-02-13 05:01:58,617 - member_system_logger - INFO - 数据库 mytest 已存在
[INFO] 2025-02-13 05:01:58,620 - member_system_logger - INFO - 用户 mytest 已存在
[INFO] 2025-02-13 05:03:35,496 - member_system_logger - INFO - 数据库 mytest 已存在
[INFO] 2025-02-13 05:03:35,498 - member_system_logger - INFO - 用户 mytest 已存在
[INFO] 2025-02-13 05:03:49,280 - member_system_logger - INFO - 数据库 mytest 已存在
[INFO] 2025-02-13 05:03:49,281 - member_system_logger - INFO - 用户 mytest 已存在
[INFO] 2025-02-13 05:05:46,480 - member_system_logger - INFO - 数据库 mytest 已存在
[INFO] 2025-02-13 05:05:46,483 - member_system_logger - INFO - 用户 mytest 已存在
[INFO] 2025-02-13 05:06:23,315 - member_system_logger - INFO - 数据库 mytest 已存在
[INFO] 2025-02-13 05:06:23,317 - member_system_logger - INFO - 用户 mytest 已存在
[INFO] 2025-02-13 05:08:43,797 - member_system_logger - INFO - 数据库 mytest 已存在
[INFO] 2025-02-13 05:08:43,800 - member_system_logger - INFO - 用户 mytest 已存在
[INFO] 2025-02-13 05:10:42,936 - member_system_logger - INFO - 数据库 mytest 已存在
[INFO] 2025-02-13 05:10:42,939 - member_system_logger - INFO - 用户 mytest 已存在
[INFO] 2025-02-13 05:11:05,345 - member_system_logger - INFO - 数据库 mytest 已存在
[INFO] 2025-02-13 05:11:05,348 - member_system_logger - INFO - 用户 mytest 已存在
[INFO] 2025-02-13 05:15:02,347 - member_system_logger - INFO - 数据库 mytest 已存在
[INFO] 2025-02-13 05:15:02,350 - member_system_logger - INFO - 用户 mytest 已存在
[INFO] 2025-02-13 05:20:06,663 - member_system_logger - INFO - 数据库 mytest 已存在
[INFO] 2025-02-13 05:20:06,666 - member_system_logger - INFO - 用户 mytest 已存在
[INFO] 2025-02-13 05:20:55,937 - member_system_logger - INFO - 数据库 mytest 已存在
[INFO] 2025-02-13 05:20:55,939 - member_system_logger - INFO - 用户 mytest 已存在
[INFO] 2025-02-13 05:23:05,630 - member_system_logger - INFO - 数据库 mytest 已存在
[INFO] 2025-02-13 05:23:05,633 - member_system_logger - INFO - 用户 mytest 已存在
[INFO] 2025-02-13 05:38:01,739 - member_system_logger - INFO - 数据库 mytest 已存在
[INFO] 2025-02-13 05:38:01,741 - member_system_logger - INFO - 用户 mytest 已存在
[INFO] 2025-02-13 05:48:27,193 - member_system_logger - INFO - 数据库 mytest 已存在
[INFO] 2025-02-13 05:48:27,196 - member_system_logger - INFO - 用户 mytest 已存在
[INFO] 2025-02-13 05:48:45,104 - member_system_logger - ERROR - 查询出错: 
        SELECT * FROM chats
        WHERE rule_group_id IS NULL
        AND WHERE user_id = %s
        ORDER BY created_at DESC
        , (1064, "You have an error in your SQL syntax; check the manual that corresponds to your MySQL server version for the right syntax to use near 'WHERE user_id = 5809832805\n        ORDER BY created_at DESC' at line 3")
Traceback (most recent call last):
  File "/root/kimi-dev/telegram-moderation-bot/src/core/database/db/base_database.py", line 97, in fetch_all
    await cursor.execute(sql, params)
  File "/root/kimi-dev/telegram-moderation-bot/venv/lib/python3.10/site-packages/aiomysql/cursors.py", line 239, in execute
    await self._query(query)
  File "/root/kimi-dev/telegram-moderation-bot/venv/lib/python3.10/site-packages/aiomysql/cursors.py", line 457, in _query
    await conn.query(q)
  File "/root/kimi-dev/telegram-moderation-bot/venv/lib/python3.10/site-packages/aiomysql/connection.py", line 469, in query
    await self._read_query_result(unbuffered=unbuffered)
  File "/root/kimi-dev/telegram-moderation-bot/venv/lib/python3.10/site-packages/aiomysql/connection.py", line 683, in _read_query_result
    await result.read()
  File "/root/kimi-dev/telegram-moderation-bot/venv/lib/python3.10/site-packages/aiomysql/connection.py", line 1164, in read
    first_packet = await self.connection._read_packet()
  File "/root/kimi-dev/telegram-moderation-bot/venv/lib/python3.10/site-packages/aiomysql/connection.py", line 652, in _read_packet
    packet.raise_for_error()
  File "/root/kimi-dev/telegram-moderation-bot/venv/lib/python3.10/site-packages/pymysql/protocol.py", line 219, in raise_for_error
    err.raise_mysql_exception(self._data)
  File "/root/kimi-dev/telegram-moderation-bot/venv/lib/python3.10/site-packages/pymysql/err.py", line 150, in raise_mysql_exception
    raise errorclass(errno, errval)
pymysql.err.ProgrammingError: (1064, "You have an error in your SQL syntax; check the manual that corresponds to your MySQL server version for the right syntax to use near 'WHERE user_id = 5809832805\n        ORDER BY created_at DESC' at line 3")
[INFO] 2025-02-13 05:49:54,871 - member_system_logger - INFO - 数据库 mytest 已存在
[INFO] 2025-02-13 05:49:54,874 - member_system_logger - INFO - 用户 mytest 已存在
[INFO] 2025-02-13 05:51:55,616 - member_system_logger - INFO - 数据库 mytest 已存在
[INFO] 2025-02-13 05:51:55,619 - member_system_logger - INFO - 用户 mytest 已存在
[INFO] 2025-02-13 05:56:45,655 - member_system_logger - INFO - 数据库 mytest 已存在
[INFO] 2025-02-13 05:56:45,658 - member_system_logger - INFO - 用户 mytest 已存在
[INFO] 2025-02-13 05:58:53,724 - member_system_logger - INFO - 数据库 mytest 已存在
[INFO] 2025-02-13 05:58:53,727 - member_system_logger - INFO - 用户 mytest 已存在
[INFO] 2025-02-13 05:59:15,425 - member_system_logger - INFO - 数据库 mytest 已存在
[INFO] 2025-02-13 05:59:15,427 - member_system_logger - INFO - 用户 mytest 已存在
[INFO] 2025-02-13 05:59:35,554 - member_system_logger - INFO - 数据库 mytest 已存在
[INFO] 2025-02-13 05:59:35,556 - member_system_logger - INFO - 用户 mytest 已存在
[INFO] 2025-02-13 06:00:13,593 - member_system_logger - INFO - 数据库 mytest 已存在
[INFO] 2025-02-13 06:00:13,595 - member_system_logger - INFO - 用户 mytest 已存在
[INFO] 2025-02-13 06:01:02,893 - member_system_logger - INFO - 数据库 mytest 已存在
[INFO] 2025-02-13 06:01:02,895 - member_system_logger - INFO - 用户 mytest 已存在
[INFO] 2025-02-13 06:01:47,506 - member_system_logger - INFO - 数据库 mytest 已存在
[INFO] 2025-02-13 06:01:47,508 - member_system_logger - INFO - 用户 mytest 已存在
[INFO] 2025-02-13 06:02:06,430 - member_system_logger - INFO - 数据库 mytest 已存在
[INFO] 2025-02-13 06:02:06,432 - member_system_logger - INFO - 用户 mytest 已存在
[INFO] 2025-02-13 06:02:22,169 - member_system_logger - INFO - 数据库 mytest 已存在
[INFO] 2025-02-13 06:02:22,171 - member_system_logger - INFO - 用户 mytest 已存在
[INFO] 2025-02-13 06:06:21,088 - member_system_logger - INFO - 数据库 mytest 已存在
[INFO] 2025-02-13 06:06:21,090 - member_system_logger - INFO - 用户 mytest 已存在
[INFO] 2025-02-13 06:08:51,894 - member_system_logger - INFO - 数据库 mytest 已存在
[INFO] 2025-02-13 06:08:51,896 - member_system_logger - INFO - 用户 mytest 已存在
[INFO] 2025-02-13 06:16:39,545 - member_system_logger - INFO - 数据库 mytest 已存在
[INFO] 2025-02-13 06:16:39,547 - member_system_logger - INFO - 用户 mytest 已存在
[INFO] 2025-02-13 06:51:07,378 - member_system_logger - INFO - 数据库 mytest 已存在
[INFO] 2025-02-13 06:51:07,381 - member_system_logger - INFO - 用户 mytest 已存在
[INFO] 2025-02-13 06:52:01,904 - member_system_logger - INFO - 数据库 mytest 已存在
[INFO] 2025-02-13 06:52:01,906 - member_system_logger - INFO - 用户 mytest 已存在
[INFO] 2025-02-13 06:52:27,915 - member_system_logger - INFO - 数据库 mytest 已存在
[INFO] 2025-02-13 06:52:27,918 - member_system_logger - INFO - 用户 mytest 已存在
[INFO] 2025-02-13 06:53:05,503 - member_system_logger - INFO - 数据库 mytest 已存在
[INFO] 2025-02-13 06:53:05,505 - member_system_logger - INFO - 用户 mytest 已存在
[INFO] 2025-02-13 06:53:30,665 - member_system_logger - INFO - 数据库 mytest 已存在
[INFO] 2025-02-13 06:53:30,668 - member_system_logger - INFO - 用户 mytest 已存在
[INFO] 2025-02-13 06:53:53,095 - member_system_logger - INFO - 数据库 mytest 已存在
[INFO] 2025-02-13 06:53:53,097 - member_system_logger - INFO - 用户 mytest 已存在
[INFO] 2025-02-13 06:55:08,434 - member_system_logger - INFO - 数据库 mytest 已存在
[INFO] 2025-02-13 06:55:08,436 - member_system_logger - INFO - 用户 mytest 已存在
[INFO] 2025-02-13 06:59:43,833 - member_system_logger - INFO - 数据库 mytest 已存在
[INFO] 2025-02-13 06:59:43,836 - member_system_logger - INFO - 用户 mytest 已存在
[INFO] 2025-02-13 06:59:58,579 - member_system_logger - INFO - 数据库 mytest 已存在
[INFO] 2025-02-13 06:59:58,581 - member_system_logger - INFO - 用户 mytest 已存在
[INFO] 2025-02-13 07:40:03,441 - member_system_logger - INFO - 数据库 mytest 已存在
[INFO] 2025-02-13 07:40:03,444 - member_system_logger - INFO - 用户 mytest 已存在
[INFO] 2025-02-13 07:41:32,781 - member_system_logger - INFO - 数据库 mytest 已存在
[INFO] 2025-02-13 07:41:32,783 - member_system_logger - INFO - 用户 mytest 已存在
[INFO] 2025-02-13 07:41:55,403 - member_system_logger - INFO - 数据库 mytest 已存在
[INFO] 2025-02-13 07:41:55,405 - member_system_logger - INFO - 用户 mytest 已存在
[INFO] 2025-02-13 07:42:28,800 - member_system_logger - INFO - 数据库 mytest 已存在
[INFO] 2025-02-13 07:42:28,802 - member_system_logger - INFO - 用户 mytest 已存在
[INFO] 2025-02-13 07:47:10,820 - member_system_logger - INFO - 数据库 mytest 已存在
[INFO] 2025-02-13 07:47:10,823 - member_system_logger - INFO - 用户 mytest 已存在
[INFO] 2025-02-13 07:48:52,018 - member_system_logger - INFO - 数据库 mytest 已存在
[INFO] 2025-02-13 07:48:52,021 - member_system_logger - INFO - 用户 mytest 已存在
[INFO] 2025-02-13 07:53:03,320 - member_system_logger - INFO - 数据库 mytest 已存在
[INFO] 2025-02-13 07:53:03,322 - member_system_logger - INFO - 用户 mytest 已存在
[INFO] 2025-02-13 07:53:51,417 - member_system_logger - INFO - 数据库 mytest 已存在
[INFO] 2025-02-13 07:53:51,420 - member_system_logger - INFO - 用户 mytest 已存在
[INFO] 2025-02-13 08:00:23,931 - member_system_logger - INFO - 数据库 mytest 已存在
[INFO] 2025-02-13 08:00:23,933 - member_system_logger - INFO - 用户 mytest 已存在
[INFO] 2025-02-13 08:50:03,212 - member_system_logger - INFO - 数据库 mytest 已存在
[INFO] 2025-02-13 08:50:03,214 - member_system_logger - INFO - 用户 mytest 已存在
[INFO] 2025-02-13 08:50:46,719 - member_system_logger - INFO - 数据库 mytest 已存在
[INFO] 2025-02-13 08:50:46,721 - member_system_logger - INFO - 用户 mytest 已存在
[INFO] 2025-02-13 08:51:13,049 - member_system_logger - INFO - 数据库 mytest 已存在
[INFO] 2025-02-13 08:51:13,052 - member_system_logger - INFO - 用户 mytest 已存在
[INFO] 2025-02-13 08:52:30,915 - member_system_logger - INFO - 数据库 mytest 已存在
[INFO] 2025-02-13 08:52:30,917 - member_system_logger - INFO - 用户 mytest 已存在
[INFO] 2025-02-13 09:09:18,759 - member_system_logger - INFO - 数据库 mytest 已存在
[INFO] 2025-02-13 09:09:18,762 - member_system_logger - INFO - 用户 mytest 已存在
[INFO] 2025-02-13 09:10:16,278 - member_system_logger - INFO - 数据库 mytest 已存在
[INFO] 2025-02-13 09:10:16,281 - member_system_logger - INFO - 用户 mytest 已存在
[INFO] 2025-02-13 09:15:12,960 - member_system_logger - INFO - 数据库 mytest 已存在
[INFO] 2025-02-13 09:15:12,962 - member_system_logger - INFO - 用户 mytest 已存在
[INFO] 2025-02-13 09:23:00,931 - member_system_logger - INFO - 数据库 mytest 已存在
[INFO] 2025-02-13 09:23:00,934 - member_system_logger - INFO - 用户 mytest 已存在
[INFO] 2025-02-13 09:30:29,165 - member_system_logger - INFO - 数据库 mytest 已存在
[INFO] 2025-02-13 09:30:29,168 - member_system_logger - INFO - 用户 mytest 已存在
[INFO] 2025-02-13 10:11:48,608 - member_system_logger - INFO - 数据库 mytest 已存在
[INFO] 2025-02-13 10:11:48,610 - member_system_logger - INFO - 用户 mytest 已存在
[INFO] 2025-02-13 10:12:35,455 - member_system_logger - INFO - 数据库 mytest 已存在
[INFO] 2025-02-13 10:12:35,457 - member_system_logger - INFO - 用户 mytest 已存在
[INFO] 2025-02-13 10:12:55,180 - member_system_logger - INFO - 数据库 mytest 已存在
[INFO] 2025-02-13 10:12:55,182 - member_system_logger - INFO - 用户 mytest 已存在
[INFO] 2025-02-13 10:13:21,970 - member_system_logger - INFO - 数据库 mytest 已存在
[INFO] 2025-02-13 10:13:21,972 - member_system_logger - INFO - 用户 mytest 已存在
[INFO] 2025-02-13 10:13:46,688 - member_system_logger - INFO - 数据库 mytest 已存在
[INFO] 2025-02-13 10:13:46,691 - member_system_logger - INFO - 用户 mytest 已存在
[INFO] 2025-02-13 10:15:10,787 - member_system_logger - INFO - 数据库 mytest 已存在
[INFO] 2025-02-13 10:15:10,789 - member_system_logger - INFO - 用户 mytest 已存在
[INFO] 2025-02-13 10:16:04,563 - member_system_logger - INFO - 数据库 mytest 已存在
[INFO] 2025-02-13 10:16:04,566 - member_system_logger - INFO - 用户 mytest 已存在
[INFO] 2025-02-13 10:20:42,100 - member_system_logger - INFO - 数据库 mytest 已存在
[INFO] 2025-02-13 10:20:42,102 - member_system_logger - INFO - 用户 mytest 已存在
[INFO] 2025-02-13 10:33:43,487 - member_system_logger - INFO - 数据库 mytest 已存在
[INFO] 2025-02-13 10:33:43,489 - member_system_logger - INFO - 用户 mytest 已存在
[INFO] 2025-02-13 11:11:27,081 - member_system_logger - INFO - 数据库 mytest 已存在
[INFO] 2025-02-13 11:11:27,084 - member_system_logger - INFO - 用户 mytest 已存在
[INFO] 2025-02-13 11:15:18,375 - member_system_logger - INFO - 数据库 mytest 已存在
[INFO] 2025-02-13 11:15:18,377 - member_system_logger - INFO - 用户 mytest 已存在
[INFO] 2025-02-13 11:15:32,473 - member_system_logger - INFO - 数据库 mytest 已存在
[INFO] 2025-02-13 11:15:32,476 - member_system_logger - INFO - 用户 mytest 已存在
[INFO] 2025-02-13 11:17:12,623 - member_system_logger - INFO - 数据库 mytest 已存在
[INFO] 2025-02-13 11:17:12,625 - member_system_logger - INFO - 用户 mytest 已存在
[INFO] 2025-02-13 11:20:41,908 - member_system_logger - INFO - 数据库 mytest 已存在
[INFO] 2025-02-13 11:20:41,910 - member_system_logger - INFO - 用户 mytest 已存在
[INFO] 2025-02-13 11:42:44,701 - member_system_logger - INFO - 数据库 mytest 已存在
[INFO] 2025-02-13 11:42:44,704 - member_system_logger - INFO - 用户 mytest 已存在
[INFO] 2025-02-13 14:23:32,681 - member_system_logger - INFO - 数据库 mytest 已存在
[INFO] 2025-02-13 14:23:32,684 - member_system_logger - INFO - 用户 mytest 已存在
[INFO] 2025-02-13 14:23:48,027 - member_system_logger - INFO - 数据库 mytest 已存在
[INFO] 2025-02-13 14:23:48,028 - member_system_logger - INFO - 用户 mytest 已存在
[INFO] 2025-02-13 14:24:04,437 - member_system_logger - INFO - 数据库 mytest 已存在
[INFO] 2025-02-13 14:24:04,439 - member_system_logger - INFO - 用户 mytest 已存在
[INFO] 2025-02-13 14:24:49,519 - member_system_logger - INFO - 数据库 mytest 已存在
[INFO] 2025-02-13 14:24:49,521 - member_system_logger - INFO - 用户 mytest 已存在
[INFO] 2025-02-13 14:26:29,425 - member_system_logger - INFO - 数据库 mytest 已存在
[INFO] 2025-02-13 14:26:29,427 - member_system_logger - INFO - 用户 mytest 已存在
[INFO] 2025-02-14 05:08:33,738 - member_system_logger - INFO - 数据库 mytest 已存在
[INFO] 2025-02-14 05:08:33,741 - member_system_logger - INFO - 用户 mytest 已存在
[INFO] 2025-02-14 05:08:50,820 - member_system_logger - INFO - 数据库 mytest 已存在
[INFO] 2025-02-14 05:08:50,822 - member_system_logger - INFO - 用户 mytest 已存在
[INFO] 2025-02-14 05:10:31,048 - member_system_logger - INFO - 数据库 mytest 已存在
[INFO] 2025-02-14 05:10:31,050 - member_system_logger - INFO - 用户 mytest 已存在
[INFO] 2025-02-14 05:13:32,496 - member_system_logger - INFO - 数据库 mytest 已存在
[INFO] 2025-02-14 05:13:32,498 - member_system_logger - INFO - 用户 mytest 已存在
[INFO] 2025-02-14 05:16:17,474 - member_system_logger - INFO - 数据库 mytest 已存在
[INFO] 2025-02-14 05:16:17,477 - member_system_logger - INFO - 用户 mytest 已存在
[INFO] 2025-02-14 05:32:38,097 - member_system_logger - INFO - 数据库 mytest 已存在
[INFO] 2025-02-14 05:32:38,100 - member_system_logger - INFO - 用户 mytest 已存在
[INFO] 2025-02-14 05:33:11,698 - member_system_logger - INFO - 数据库 mytest 已存在
[INFO] 2025-02-14 05:33:11,701 - member_system_logger - INFO - 用户 mytest 已存在
[INFO] 2025-02-14 05:33:58,607 - member_system_logger - INFO - 数据库 mytest 已存在
[INFO] 2025-02-14 05:33:58,609 - member_system_logger - INFO - 用户 mytest 已存在
[INFO] 2025-02-14 05:44:17,477 - member_system_logger - INFO - 数据库 mytest 已存在
[INFO] 2025-02-14 05:44:17,481 - member_system_logger - INFO - 用户 mytest 已存在
[INFO] 2025-02-14 05:44:23,193 - member_system_logger - INFO - 数据库 mytest 已存在
[INFO] 2025-02-14 05:44:23,195 - member_system_logger - INFO - 用户 mytest 已存在
[INFO] 2025-02-14 05:44:33,359 - member_system_logger - INFO - 数据库 mytest 已存在
[INFO] 2025-02-14 05:44:33,361 - member_system_logger - INFO - 用户 mytest 已存在
[INFO] 2025-02-14 05:44:38,997 - member_system_logger - INFO - 数据库 mytest 已存在
[INFO] 2025-02-14 05:44:38,999 - member_system_logger - INFO - 用户 mytest 已存在
[INFO] 2025-02-14 05:44:43,761 - member_system_logger - INFO - 数据库 mytest 已存在
[INFO] 2025-02-14 05:44:43,763 - member_system_logger - INFO - 用户 mytest 已存在
[INFO] 2025-02-14 05:44:50,482 - member_system_logger - INFO - 数据库 mytest 已存在
[INFO] 2025-02-14 05:44:50,484 - member_system_logger - INFO - 用户 mytest 已存在
[INFO] 2025-02-14 05:44:55,248 - member_system_logger - INFO - 数据库 mytest 已存在
[INFO] 2025-02-14 05:44:55,250 - member_system_logger - INFO - 用户 mytest 已存在
[INFO] 2025-02-14 05:45:00,238 - member_system_logger - INFO - 数据库 mytest 已存在
[INFO] 2025-02-14 05:45:00,240 - member_system_logger - INFO - 用户 mytest 已存在
[INFO] 2025-02-14 05:45:06,678 - member_system_logger - INFO - 数据库 mytest 已存在
[INFO] 2025-02-14 05:45:06,680 - member_system_logger - INFO - 用户 mytest 已存在
[INFO] 2025-02-14 05:45:13,148 - member_system_logger - INFO - 数据库 mytest 已存在
[INFO] 2025-02-14 05:45:13,149 - member_system_logger - INFO - 用户 mytest 已存在
[INFO] 2025-02-14 05:45:19,510 - member_system_logger - INFO - 数据库 mytest 已存在
[INFO] 2025-02-14 05:45:19,512 - member_system_logger - INFO - 用户 mytest 已存在
[INFO] 2025-02-14 05:45:25,159 - member_system_logger - INFO - 数据库 mytest 已存在
[INFO] 2025-02-14 05:45:25,161 - member_system_logger - INFO - 用户 mytest 已存在
[INFO] 2025-02-14 05:45:42,207 - member_system_logger - INFO - 数据库 mytest 已存在
[INFO] 2025-02-14 05:45:42,208 - member_system_logger - INFO - 用户 mytest 已存在
[INFO] 2025-02-14 05:45:48,886 - member_system_logger - INFO - 数据库 mytest 已存在
[INFO] 2025-02-14 05:45:48,888 - member_system_logger - INFO - 用户 mytest 已存在
[INFO] 2025-02-14 05:46:00,265 - member_system_logger - INFO - 数据库 mytest 已存在
[INFO] 2025-02-14 05:46:00,267 - member_system_logger - INFO - 用户 mytest 已存在
[INFO] 2025-02-14 05:46:07,363 - member_system_logger - INFO - 数据库 mytest 已存在
[INFO] 2025-02-14 05:46:07,365 - member_system_logger - INFO - 用户 mytest 已存在
